  lab3.cpp
C:\Prog\assembly_labs\lab3\lab3\lab3.cpp(7,2): error C4235: использовано нестандартное расширение: ключевое слово "__asm" данной архитектурой не поддерживается
C:\Prog\assembly_labs\lab3\lab3\lab3.cpp(9,3): error C2065: mov: необъявленный идентификатор
C:\Prog\assembly_labs\lab3\lab3\lab3.cpp(9,7): error C2146: синтаксическая ошибка: отсутствие ";" перед идентификатором "ebx"
C:\Prog\assembly_labs\lab3\lab3\lab3.cpp(9,7): error C2065: ebx: необъявленный идентификатор
C:\Prog\assembly_labs\lab3\lab3\lab3.cpp(10,3): error C2065: mov: необъявленный идентификатор
C:\Prog\assembly_labs\lab3\lab3\lab3.cpp(10,7): error C2146: синтаксическая ошибка: отсутствие ";" перед идентификатором "ecx"
C:\Prog\assembly_labs\lab3\lab3\lab3.cpp(10,7): error C2065: ecx: необъявленный идентификатор
C:\Prog\assembly_labs\lab3\lab3\lab3.cpp(12,3): error C2065: cmp: необъявленный идентификатор
C:\Prog\assembly_labs\lab3\lab3\lab3.cpp(12,7): error C2146: синтаксическая ошибка: отсутствие ";" перед идентификатором "ecx"
C:\Prog\assembly_labs\lab3\lab3\lab3.cpp(12,7): error C2065: ecx: необъявленный идентификатор
C:\Prog\assembly_labs\lab3\lab3\lab3.cpp(12,12): error C2065: ebx: необъявленный идентификатор
C:\Prog\assembly_labs\lab3\lab3\lab3.cpp(13,3): error C2065: jg: необъявленный идентификатор
C:\Prog\assembly_labs\lab3\lab3\lab3.cpp(13,6): error C2146: синтаксическая ошибка: отсутствие ";" перед идентификатором "big"
C:\Prog\assembly_labs\lab3\lab3\lab3.cpp(13,6): error C2065: big: необъявленный идентификатор
C:\Prog\assembly_labs\lab3\lab3\lab3.cpp(14,3): error C2146: синтаксическая ошибка: отсутствие ";" перед идентификатором "jl"
C:\Prog\assembly_labs\lab3\lab3\lab3.cpp(13,16): warning C4552: ">": результат выражения не используется
C:\Prog\assembly_labs\lab3\lab3\lab3.cpp(14,3): error C2065: jl: необъявленный идентификатор
C:\Prog\assembly_labs\lab3\lab3\lab3.cpp(14,6): error C2146: синтаксическая ошибка: отсутствие ";" перед идентификатором "small"
C:\Prog\assembly_labs\lab3\lab3\lab3.cpp(14,6): error C2065: small: необъявленный идентификатор
C:\Prog\assembly_labs\lab3\lab3\lab3.cpp(16,3): error C2146: синтаксическая ошибка: отсутствие ";" перед идентификатором "mov"
C:\Prog\assembly_labs\lab3\lab3\lab3.cpp(14,17): warning C4552: "<": результат выражения не используется
C:\Prog\assembly_labs\lab3\lab3\lab3.cpp(16,3): error C2065: mov: необъявленный идентификатор
C:\Prog\assembly_labs\lab3\lab3\lab3.cpp(16,7): error C2146: синтаксическая ошибка: отсутствие ";" перед идентификатором "eax"
C:\Prog\assembly_labs\lab3\lab3\lab3.cpp(16,7): error C2065: eax: необъявленный идентификатор
C:\Prog\assembly_labs\lab3\lab3\lab3.cpp(17,3): error C2065: jmp: необъявленный идентификатор
C:\Prog\assembly_labs\lab3\lab3\lab3.cpp(17,7): error C2146: синтаксическая ошибка: отсутствие ";" перед идентификатором "answer"
C:\Prog\assembly_labs\lab3\lab3\lab3.cpp(17,7): error C2065: answer: необъявленный идентификатор
C:\Prog\assembly_labs\lab3\lab3\lab3.cpp(20,3): error C2065: imul: необъявленный идентификатор
C:\Prog\assembly_labs\lab3\lab3\lab3.cpp(20,8): error C2146: синтаксическая ошибка: отсутствие ";" перед идентификатором "ebx"
C:\Prog\assembly_labs\lab3\lab3\lab3.cpp(20,8): error C2065: ebx: необъявленный идентификатор
C:\Prog\assembly_labs\lab3\lab3\lab3.cpp(20,13): error C2065: ebx: необъявленный идентификатор
C:\Prog\assembly_labs\lab3\lab3\lab3.cpp(21,3): error C2065: jo: необъявленный идентификатор
C:\Prog\assembly_labs\lab3\lab3\lab3.cpp(21,6): error C2146: синтаксическая ошибка: отсутствие ";" перед идентификатором "overflow_flag"
C:\Prog\assembly_labs\lab3\lab3\lab3.cpp(21,6): error C2065: overflow_flag: необъявленный идентификатор
C:\Prog\assembly_labs\lab3\lab3\lab3.cpp(23,3): error C2146: синтаксическая ошибка: отсутствие ";" перед идентификатором "imul"
C:\Prog\assembly_labs\lab3\lab3\lab3.cpp(23,3): error C2065: imul: необъявленный идентификатор
C:\Prog\assembly_labs\lab3\lab3\lab3.cpp(23,8): error C2146: синтаксическая ошибка: отсутствие ";" перед идентификатором "ecx"
C:\Prog\assembly_labs\lab3\lab3\lab3.cpp(23,8): error C2065: ecx: необъявленный идентификатор
C:\Prog\assembly_labs\lab3\lab3\lab3.cpp(24,3): error C2065: jo: необъявленный идентификатор
C:\Prog\assembly_labs\lab3\lab3\lab3.cpp(24,6): error C2146: синтаксическая ошибка: отсутствие ";" перед идентификатором "overflow_flag"
C:\Prog\assembly_labs\lab3\lab3\lab3.cpp(24,6): error C2065: overflow_flag: необъявленный идентификатор
C:\Prog\assembly_labs\lab3\lab3\lab3.cpp(26,3): error C2146: синтаксическая ошибка: отсутствие ";" перед идентификатором "sub"
C:\Prog\assembly_labs\lab3\lab3\lab3.cpp(26,3): error C2065: sub: необъявленный идентификатор
C:\Prog\assembly_labs\lab3\lab3\lab3.cpp(26,7): error C2146: синтаксическая ошибка: отсутствие ";" перед идентификатором "ebx"
C:\Prog\assembly_labs\lab3\lab3\lab3.cpp(26,7): error C2065: ebx: необъявленный идентификатор
C:\Prog\assembly_labs\lab3\lab3\lab3.cpp(26,12): error C2065: ecx: необъявленный идентификатор
C:\Prog\assembly_labs\lab3\lab3\lab3.cpp(27,3): error C2065: jo: необъявленный идентификатор
C:\Prog\assembly_labs\lab3\lab3\lab3.cpp(27,6): error C2146: синтаксическая ошибка: отсутствие ";" перед идентификатором "overflow_flag"
C:\Prog\assembly_labs\lab3\lab3\lab3.cpp(27,6): error C2065: overflow_flag: необъявленный идентификатор
C:\Prog\assembly_labs\lab3\lab3\lab3.cpp(28,3): error C2146: синтаксическая ошибка: отсутствие ";" перед идентификатором "mov"
C:\Prog\assembly_labs\lab3\lab3\lab3.cpp(28,3): error C2065: mov: необъявленный идентификатор
C:\Prog\assembly_labs\lab3\lab3\lab3.cpp(28,7): error C2146: синтаксическая ошибка: отсутствие ";" перед идентификатором "eax"
C:\Prog\assembly_labs\lab3\lab3\lab3.cpp(28,7): error C2065: eax: необъявленный идентификатор
C:\Prog\assembly_labs\lab3\lab3\lab3.cpp(28,12): error C2065: ebx: необъявленный идентификатор
C:\Prog\assembly_labs\lab3\lab3\lab3.cpp(29,3): error C2065: mov: необъявленный идентификатор
C:\Prog\assembly_labs\lab3\lab3\lab3.cpp(29,7): error C2146: синтаксическая ошибка: отсутствие ";" перед идентификатором "ebx"
C:\Prog\assembly_labs\lab3\lab3\lab3.cpp(29,7): error C2065: ebx: необъявленный идентификатор
C:\Prog\assembly_labs\lab3\lab3\lab3.cpp(30,3): error C2065: add: необъявленный идентификатор
C:\Prog\assembly_labs\lab3\lab3\lab3.cpp(30,7): error C2146: синтаксическая ошибка: отсутствие ";" перед идентификатором "ebx"
C:\Prog\assembly_labs\lab3\lab3\lab3.cpp(30,7): error C2065: ebx: необъявленный идентификатор
C:\Prog\assembly_labs\lab3\lab3\lab3.cpp(32,3): error C2065: cql: необъявленный идентификатор
C:\Prog\assembly_labs\lab3\lab3\lab3.cpp(33,3): error C2146: синтаксическая ошибка: отсутствие ";" перед идентификатором "idiv"
C:\Prog\assembly_labs\lab3\lab3\lab3.cpp(33,3): error C2065: idiv: необъявленный идентификатор
C:\Prog\assembly_labs\lab3\lab3\lab3.cpp(33,8): error C2146: синтаксическая ошибка: отсутствие ";" перед идентификатором "ebx"
C:\Prog\assembly_labs\lab3\lab3\lab3.cpp(33,8): error C2065: ebx: необъявленный идентификатор
C:\Prog\assembly_labs\lab3\lab3\lab3.cpp(35,3): error C2065: jmp: необъявленный идентификатор
C:\Prog\assembly_labs\lab3\lab3\lab3.cpp(35,7): error C2146: синтаксическая ошибка: отсутствие ";" перед идентификатором "answer"
C:\Prog\assembly_labs\lab3\lab3\lab3.cpp(35,7): error C2065: answer: необъявленный идентификатор
C:\Prog\assembly_labs\lab3\lab3\lab3.cpp(37,2): error C2146: синтаксическая ошибка: отсутствие ";" перед идентификатором "answer"
C:\Prog\assembly_labs\lab3\lab3\lab3.cpp(38,3): error C2065: mov: необъявленный идентификатор
C:\Prog\assembly_labs\lab3\lab3\lab3.cpp(38,7): error C2146: синтаксическая ошибка: отсутствие ";" перед идентификатором "result"
C:\Prog\assembly_labs\lab3\lab3\lab3.cpp(38,15): error C2065: eax: необъявленный идентификатор
C:\Prog\assembly_labs\lab3\lab3\lab3.cpp(38,29): error C2065: eax: необъявленный идентификатор
C:\Prog\assembly_labs\lab3\lab3\lab3.cpp(39,3): error C2146: синтаксическая ошибка: отсутствие ";" перед идентификатором "jmp"
C:\Prog\assembly_labs\lab3\lab3\lab3.cpp(39,3): error C2065: jmp: необъявленный идентификатор
C:\Prog\assembly_labs\lab3\lab3\lab3.cpp(39,7): error C2146: синтаксическая ошибка: отсутствие ";" перед идентификатором "exit_asm"
C:\Prog\assembly_labs\lab3\lab3\lab3.cpp(39,7): error C2065: exit_asm: необъявленный идентификатор
C:\Prog\assembly_labs\lab3\lab3\lab3.cpp(41,2): error C2146: синтаксическая ошибка: отсутствие ";" перед идентификатором "zero_flag"
C:\Prog\assembly_labs\lab3\lab3\lab3.cpp(42,3): error C2065: mov: необъявленный идентификатор
C:\Prog\assembly_labs\lab3\lab3\lab3.cpp(42,7): error C2146: синтаксическая ошибка: отсутствие ";" перед идентификатором "div_zero"
C:\Prog\assembly_labs\lab3\lab3\lab3.cpp(43,3): error C2146: синтаксическая ошибка: отсутствие ";" перед идентификатором "mov"
C:\Prog\assembly_labs\lab3\lab3\lab3.cpp(43,3): error C2065: mov: необъявленный идентификатор
C:\Prog\assembly_labs\lab3\lab3\lab3.cpp(43,7): error C2146: синтаксическая ошибка: отсутствие ";" перед идентификатором "result"
C:\Prog\assembly_labs\lab3\lab3\lab3.cpp(44,3): error C2146: синтаксическая ошибка: отсутствие ";" перед идентификатором "jmp"
C:\Prog\assembly_labs\lab3\lab3\lab3.cpp(44,3): error C2065: jmp: необъявленный идентификатор
C:\Prog\assembly_labs\lab3\lab3\lab3.cpp(44,7): error C2146: синтаксическая ошибка: отсутствие ";" перед идентификатором "exit_asm"
C:\Prog\assembly_labs\lab3\lab3\lab3.cpp(44,7): error C2065: exit_asm: необъявленный идентификатор
C:\Prog\assembly_labs\lab3\lab3\lab3.cpp(46,2): error C2146: синтаксическая ошибка: отсутствие ";" перед идентификатором "overflow_flag"
C:\Prog\assembly_labs\lab3\lab3\lab3.cpp(47,3): error C2065: mov: необъявленный идентификатор
C:\Prog\assembly_labs\lab3\lab3\lab3.cpp(47,7): error C2146: синтаксическая ошибка: отсутствие ";" перед идентификатором "out_of_size"
C:\Prog\assembly_labs\lab3\lab3\lab3.cpp(48,3): error C2146: синтаксическая ошибка: отсутствие ";" перед идентификатором "mov"
C:\Prog\assembly_labs\lab3\lab3\lab3.cpp(48,3): error C2065: mov: необъявленный идентификатор
C:\Prog\assembly_labs\lab3\lab3\lab3.cpp(48,7): error C2146: синтаксическая ошибка: отсутствие ";" перед идентификатором "result"
C:\Prog\assembly_labs\lab3\lab3\lab3.cpp(49,3): error C2146: синтаксическая ошибка: отсутствие ";" перед идентификатором "jmp"
C:\Prog\assembly_labs\lab3\lab3\lab3.cpp(49,3): error C2065: jmp: необъявленный идентификатор
C:\Prog\assembly_labs\lab3\lab3\lab3.cpp(49,7): error C2146: синтаксическая ошибка: отсутствие ";" перед идентификатором "exit_asm"
C:\Prog\assembly_labs\lab3\lab3\lab3.cpp(49,7): error C2065: exit_asm: необъявленный идентификатор
C:\Prog\assembly_labs\lab3\lab3\lab3.cpp(51,2): error C2146: синтаксическая ошибка: отсутствие ";" перед идентификатором "exit_asm"
C:\Prog\assembly_labs\lab3\lab3\lab3.cpp(54,2): error C2059: синтаксическая ошибка: }
